<?xml version="1.0" encoding="UTF-8"?>
<!-- Generated by org.testng.reporters.JUnitReportReporter -->
<testsuite hostname="TYUDM" name="betSite.RegistrationTestSuit" tests="2" failures="0" timestamp="13 Jul 2018 09:24:21 GMT" time="60.229" errors="0">
  <testcase name="LogIn" time="55.980" classname="betSite.RegistrationTestSuit"/>
  <testcase name="IncorrectEmail" time="4.249" classname="betSite.RegistrationTestSuit"/>
</testsuite> <!-- betSite.RegistrationTestSuit -->
