<?xml version="1.0" encoding="UTF-8"?>
<!-- Generated by org.testng.reporters.JUnitReportReporter -->
<testsuite hostname="TYUDM" name="betSite.PutInBet" tests="1" failures="0" timestamp="2 Oct 2018 12:51:59 GMT" time="1.106" errors="0">
  <testcase name="countMatches" time="1.106" classname="betSite.PutInBet"/>
</testsuite> <!-- betSite.PutInBet -->
