<?xml version="1.0" encoding="UTF-8"?>
<!-- Generated by org.testng.reporters.JUnitReportReporter -->
<testsuite hostname="TYUDM" name="betSite.RegistrationTestSuit" tests="3" failures="0" timestamp="8 Feb 2019 14:09:52 GMT" time="17.395" errors="0">
  <testcase name="LogIn" time="7.949" classname="betSite.RegistrationTestSuit"/>
  <testcase name="SingIn" time="7.147" classname="betSite.RegistrationTestSuit"/>
  <testcase name="SingOut" time="2.299" classname="betSite.RegistrationTestSuit"/>
</testsuite> <!-- betSite.RegistrationTestSuit -->
