<?xml version="1.0" encoding="UTF-8"?>
<!-- Generated by org.testng.reporters.JUnitReportReporter -->
<testsuite hostname="TYUDM" name="betSite.RegistrationTestSuit" tests="2" failures="0" timestamp="5 Feb 2019 11:57:00 GMT" time="16.229" errors="0">
  <testcase name="LogIn" time="7.355" classname="betSite.RegistrationTestSuit"/>
  <testcase name="SingIn" time="8.874" classname="betSite.RegistrationTestSuit"/>
</testsuite> <!-- betSite.RegistrationTestSuit -->
