<?xml version="1.0" encoding="UTF-8"?>
<!-- Generated by org.testng.reporters.JUnitReportReporter -->
<testsuite hostname="TYUDM" name="betSite.RegistrationTestSuit" tests="2" failures="0" timestamp="13 Jul 2018 14:44:16 GMT" time="26.247" errors="0">
  <testcase name="LogIn" time="17.339" classname="betSite.RegistrationTestSuit"/>
  <testcase name="IncorrectEmail" time="8.908" classname="betSite.RegistrationTestSuit"/>
</testsuite> <!-- betSite.RegistrationTestSuit -->
