<?xml version="1.0" encoding="UTF-8"?>
<!-- Generated by org.testng.reporters.JUnitReportReporter -->
<testsuite hostname="TYUDM" name="betSite.RegistrationTestSuit" tests="3" failures="0" timestamp="1 Mar 2019 16:55:16 GMT" time="35.711" errors="0">
  <testcase name="LogIn" time="20.736" classname="betSite.RegistrationTestSuit"/>
  <testcase name="SingIn" time="11.843" classname="betSite.RegistrationTestSuit"/>
  <testcase name="SingOut" time="3.132" classname="betSite.RegistrationTestSuit"/>
</testsuite> <!-- betSite.RegistrationTestSuit -->
