<?xml version="1.0" encoding="UTF-8"?>
<!-- Generated by org.testng.reporters.JUnitReportReporter -->
<testsuite hostname="TYUDM" name="betSite.PutInBet" tests="1" failures="0" timestamp="21 Feb 2019 16:28:37 GMT" time="6.945" errors="0">
  <testcase name="countMatches" time="6.945" classname="betSite.PutInBet"/>
</testsuite> <!-- betSite.PutInBet -->
