<?xml version="1.0" encoding="UTF-8"?>
<!-- Generated by org.testng.reporters.JUnitReportReporter -->
<testsuite hostname="TYUDM" name="betSite.RegistrationTestSuit" tests="2" failures="0" timestamp="14 Aug 2018 14:16:42 GMT" time="32.131" errors="0">
  <testcase name="IncorrectEmail" time="2.155" classname="betSite.RegistrationTestSuit"/>
  <testcase name="LogIn" time="29.976" classname="betSite.RegistrationTestSuit"/>
</testsuite> <!-- betSite.RegistrationTestSuit -->
