<?xml version="1.0" encoding="UTF-8"?>
<!-- Generated by org.testng.reporters.JUnitReportReporter -->
<testsuite hostname="TYUDM" name="betSite.RegistrationTestSuit" tests="2" failures="0" timestamp="13 Jul 2018 09:49:02 GMT" time="61.077" errors="0">
  <testcase name="IncorrectEmail" time="8.848" classname="betSite.RegistrationTestSuit"/>
  <testcase name="LogIn" time="52.229" classname="betSite.RegistrationTestSuit"/>
</testsuite> <!-- betSite.RegistrationTestSuit -->
