<?xml version="1.0" encoding="UTF-8"?>
<!-- Generated by org.testng.reporters.JUnitReportReporter -->
<testsuite hostname="TYUDM" name="betSite.RegistrationTestSuit" tests="3" failures="0" timestamp="22 Feb 2019 12:57:41 GMT" time="102.496" errors="0">
  <testcase name="SingOut" time="2.771" classname="betSite.RegistrationTestSuit"/>
  <testcase name="LogIn" time="92.769" classname="betSite.RegistrationTestSuit"/>
  <testcase name="SingIn" time="6.956" classname="betSite.RegistrationTestSuit"/>
</testsuite> <!-- betSite.RegistrationTestSuit -->
