<?xml version="1.0" encoding="UTF-8"?>
<!-- Generated by org.testng.reporters.JUnitReportReporter -->
<testsuite skipped="0" hostname="TYUDM" name="Story1" tests="2"
	failures="0" timestamp="12 Jul 2018 15:07:30 GMT" time="60.920" errors="0">
	<testcase name="LogIn" time="52.371" classname="Story1" />
	<testcase name="IncorrectEmail" time="8.549" classname="Story1" />
</testsuite> <!-- Story1 -->
